{"/Users/owenpark/cs_projects/cs184/team09-Shopping/firebaseConfig.js": {"path":"/Users/owenpark/cs_projects/cs184/team09-Shopping/firebaseConfig.js","statementMap":{"0":{"start":{"line":6,"column":23},"end":{"line":13,"column":1}},"1":{"start":{"line":17,"column":0},"end":{"line":21,"column":1}},"2":{"start":{"line":18,"column":4},"end":{"line":18,"column":40}},"3":{"start":{"line":20,"column":4},"end":{"line":20,"column":23}},"4":{"start":{"line":24,"column":13},"end":{"line":26,"column":2}},"5":{"start":{"line":28,"column":11},"end":{"line":28,"column":28}}},"fnMap":{},"branchMap":{"0":{"loc":{"start":{"line":17,"column":0},"end":{"line":21,"column":1}},"type":"if","locations":[{"start":{"line":17,"column":0},"end":{"line":21,"column":1}},{"start":{"line":19,"column":7},"end":{"line":21,"column":1}}],"line":17}},"s":{"0":1,"1":1,"2":1,"3":0,"4":1,"5":1},"f":{},"b":{"0":[1,0]},"_coverageSchema":"1a1c01bbd47fc00a2c39e90264f33305004495a9","hash":"46ee2331841230a032a76687403ff37893f9f4d3"}
,"/Users/owenpark/cs_projects/cs184/team09-Shopping/assets/cart.png": {"path":"/Users/owenpark/cs_projects/cs184/team09-Shopping/assets/cart.png","statementMap":{"0":{"start":{"line":1,"column":0},"end":{"line":4,"column":6}}},"fnMap":{},"branchMap":{},"s":{"0":2},"f":{},"b":{},"_coverageSchema":"1a1c01bbd47fc00a2c39e90264f33305004495a9","hash":"84e4dd69ee104ae01d928a352fe41484c9d4c1ab"}
,"/Users/owenpark/cs_projects/cs184/team09-Shopping/src/screens/CreateHouseholdScreen.js": {"path":"/Users/owenpark/cs_projects/cs184/team09-Shopping/src/screens/CreateHouseholdScreen.js","statementMap":{"0":{"start":{"line":12,"column":46},"end":{"line":12,"column":58}},"1":{"start":{"line":13,"column":44},"end":{"line":13,"column":56}},"2":{"start":{"line":14,"column":46},"end":{"line":14,"column":58}},"3":{"start":{"line":15,"column":36},"end":{"line":15,"column":51}},"4":{"start":{"line":16,"column":40},"end":{"line":16,"column":52}},"5":{"start":{"line":17,"column":62},"end":{"line":17,"column":77}},"6":{"start":{"line":18,"column":42},"end":{"line":18,"column":54}},"7":{"start":{"line":20,"column":29},"end":{"line":34,"column":5}},"8":{"start":{"line":21,"column":8},"end":{"line":33,"column":9}},"9":{"start":{"line":22,"column":28},"end":{"line":22,"column":80}},"10":{"start":{"line":23,"column":12},"end":{"line":30,"column":13}},"11":{"start":{"line":24,"column":16},"end":{"line":24,"column":52}},"12":{"start":{"line":29,"column":16},"end":{"line":29,"column":59}},"13":{"start":{"line":32,"column":12},"end":{"line":32,"column":65}},"14":{"start":{"line":36,"column":4},"end":{"line":43,"column":6}},"15":{"start":{"line":38,"column":12},"end":{"line":38,"column":32}},"16":{"start":{"line":39,"column":12},"end":{"line":39,"column":33}},"17":{"start":{"line":40,"column":12},"end":{"line":40,"column":31}},"18":{"start":{"line":46,"column":4},"end":{"line":69,"column":11}},"19":{"start":{"line":47,"column":23},"end":{"line":47,"column":43}},"20":{"start":{"line":49,"column":18},"end":{"line":52,"column":9}},"21":{"start":{"line":54,"column":28},"end":{"line":66,"column":10}},"22":{"start":{"line":55,"column":34},"end":{"line":61,"column":90}},"23":{"start":{"line":56,"column":29},"end":{"line":59,"column":17}},"24":{"start":{"line":61,"column":31},"end":{"line":61,"column":89}},"25":{"start":{"line":63,"column":12},"end":{"line":63,"column":41}},"26":{"start":{"line":65,"column":12},"end":{"line":65,"column":64}},"27":{"start":{"line":68,"column":8},"end":{"line":68,"column":35}},"28":{"start":{"line":68,"column":21},"end":{"line":68,"column":34}},"29":{"start":{"line":71,"column":25},"end":{"line":78,"column":5}},"30":{"start":{"line":72,"column":27},"end":{"line":72,"column":65}},"31":{"start":{"line":73,"column":21},"end":{"line":73,"column":23}},"32":{"start":{"line":74,"column":8},"end":{"line":76,"column":9}},"33":{"start":{"line":74,"column":21},"end":{"line":74,"column":22}},"34":{"start":{"line":75,"column":12},"end":{"line":75,"column":87}},"35":{"start":{"line":77,"column":8},"end":{"line":77,"column":22}},"36":{"start":{"line":80,"column":28},"end":{"line":136,"column":5}},"37":{"start":{"line":81,"column":28},"end":{"line":81,"column":48}},"38":{"start":{"line":82,"column":31},"end":{"line":82,"column":56}},"39":{"start":{"line":83,"column":8},"end":{"line":135,"column":9}},"40":{"start":{"line":84,"column":12},"end":{"line":84,"column":59}},"41":{"start":{"line":86,"column":12},"end":{"line":86,"column":32}},"42":{"start":{"line":87,"column":34},"end":{"line":87,"column":49}},"43":{"start":{"line":88,"column":27},"end":{"line":88,"column":47}},"44":{"start":{"line":91,"column":12},"end":{"line":134,"column":13}},"45":{"start":{"line":93,"column":38},"end":{"line":93,"column":66}},"46":{"start":{"line":94,"column":38},"end":{"line":96,"column":17}},"47":{"start":{"line":98,"column":16},"end":{"line":101,"column":17}},"48":{"start":{"line":99,"column":20},"end":{"line":99,"column":103}},"49":{"start":{"line":100,"column":20},"end":{"line":100,"column":27}},"50":{"start":{"line":104,"column":35},"end":{"line":104,"column":59}},"51":{"start":{"line":105,"column":36},"end":{"line":105,"column":60}},"52":{"start":{"line":107,"column":16},"end":{"line":110,"column":17}},"53":{"start":{"line":108,"column":20},"end":{"line":108,"column":61}},"54":{"start":{"line":109,"column":20},"end":{"line":109,"column":27}},"55":{"start":{"line":113,"column":37},"end":{"line":118,"column":18}},"56":{"start":{"line":120,"column":16},"end":{"line":123,"column":19}},"57":{"start":{"line":125,"column":16},"end":{"line":125,"column":95}},"58":{"start":{"line":126,"column":16},"end":{"line":126,"column":93}},"59":{"start":{"line":128,"column":16},"end":{"line":128,"column":48}},"60":{"start":{"line":129,"column":16},"end":{"line":129,"column":48}},"61":{"start":{"line":130,"column":16},"end":{"line":130,"column":35}},"62":{"start":{"line":131,"column":16},"end":{"line":131,"column":37}},"63":{"start":{"line":133,"column":16},"end":{"line":133,"column":67}},"64":{"start":{"line":138,"column":28},"end":{"line":146,"column":5}},"65":{"start":{"line":139,"column":8},"end":{"line":145,"column":27}},"66":{"start":{"line":141,"column":27},"end":{"line":141,"column":92}},"67":{"start":{"line":149,"column":4},"end":{"line":273,"column":6}},"68":{"start":{"line":172,"column":50},"end":{"line":172,"column":57}},"69":{"start":{"line":177,"column":92},"end":{"line":177,"column":122}},"70":{"start":{"line":184,"column":92},"end":{"line":184,"column":128}},"71":{"start":{"line":196,"column":104},"end":{"line":196,"column":134}},"72":{"start":{"line":203,"column":104},"end":{"line":203,"column":140}},"73":{"start":{"line":253,"column":55},"end":{"line":253,"column":72}},"74":{"start":{"line":260,"column":44},"end":{"line":260,"column":76}},"75":{"start":{"line":261,"column":44},"end":{"line":261,"column":64}},"76":{"start":{"line":277,"column":15},"end":{"line":514,"column":2}}},"fnMap":{"0":{"name":"CreateHouseholdScreen","decl":{"start":{"line":11,"column":24},"end":{"line":11,"column":45}},"loc":{"start":{"line":11,"column":62},"end":{"line":274,"column":1}},"line":11},"1":{"name":"(anonymous_1)","decl":{"start":{"line":20,"column":29},"end":{"line":20,"column":30}},"loc":{"start":{"line":20,"column":41},"end":{"line":34,"column":5}},"line":20},"2":{"name":"(anonymous_2)","decl":{"start":{"line":37,"column":26},"end":{"line":37,"column":27}},"loc":{"start":{"line":37,"column":32},"end":{"line":42,"column":9}},"line":37},"3":{"name":"(anonymous_3)","decl":{"start":{"line":46,"column":14},"end":{"line":46,"column":15}},"loc":{"start":{"line":46,"column":20},"end":{"line":69,"column":5}},"line":46},"4":{"name":"(anonymous_4)","decl":{"start":{"line":54,"column":42},"end":{"line":54,"column":43}},"loc":{"start":{"line":54,"column":56},"end":{"line":64,"column":9}},"line":54},"5":{"name":"(anonymous_5)","decl":{"start":{"line":56,"column":21},"end":{"line":56,"column":22}},"loc":{"start":{"line":56,"column":29},"end":{"line":59,"column":17}},"line":56},"6":{"name":"(anonymous_6)","decl":{"start":{"line":61,"column":24},"end":{"line":61,"column":25}},"loc":{"start":{"line":61,"column":31},"end":{"line":61,"column":89}},"line":61},"7":{"name":"(anonymous_7)","decl":{"start":{"line":64,"column":11},"end":{"line":64,"column":12}},"loc":{"start":{"line":64,"column":22},"end":{"line":66,"column":9}},"line":64},"8":{"name":"(anonymous_8)","decl":{"start":{"line":68,"column":15},"end":{"line":68,"column":16}},"loc":{"start":{"line":68,"column":21},"end":{"line":68,"column":34}},"line":68},"9":{"name":"(anonymous_9)","decl":{"start":{"line":71,"column":25},"end":{"line":71,"column":26}},"loc":{"start":{"line":71,"column":37},"end":{"line":78,"column":5}},"line":71},"10":{"name":"(anonymous_10)","decl":{"start":{"line":80,"column":28},"end":{"line":80,"column":29}},"loc":{"start":{"line":80,"column":40},"end":{"line":136,"column":5}},"line":80},"11":{"name":"(anonymous_11)","decl":{"start":{"line":138,"column":28},"end":{"line":138,"column":29}},"loc":{"start":{"line":139,"column":8},"end":{"line":145,"column":27}},"line":139},"12":{"name":"(anonymous_12)","decl":{"start":{"line":141,"column":21},"end":{"line":141,"column":22}},"loc":{"start":{"line":141,"column":27},"end":{"line":141,"column":92}},"line":141},"13":{"name":"(anonymous_13)","decl":{"start":{"line":172,"column":42},"end":{"line":172,"column":43}},"loc":{"start":{"line":172,"column":50},"end":{"line":172,"column":57}},"line":172},"14":{"name":"(anonymous_14)","decl":{"start":{"line":177,"column":86},"end":{"line":177,"column":87}},"loc":{"start":{"line":177,"column":92},"end":{"line":177,"column":122}},"line":177},"15":{"name":"(anonymous_15)","decl":{"start":{"line":184,"column":86},"end":{"line":184,"column":87}},"loc":{"start":{"line":184,"column":92},"end":{"line":184,"column":128}},"line":184},"16":{"name":"(anonymous_16)","decl":{"start":{"line":196,"column":98},"end":{"line":196,"column":99}},"loc":{"start":{"line":196,"column":104},"end":{"line":196,"column":134}},"line":196},"17":{"name":"(anonymous_17)","decl":{"start":{"line":203,"column":98},"end":{"line":203,"column":99}},"loc":{"start":{"line":203,"column":104},"end":{"line":203,"column":140}},"line":203},"18":{"name":"(anonymous_18)","decl":{"start":{"line":253,"column":49},"end":{"line":253,"column":50}},"loc":{"start":{"line":253,"column":55},"end":{"line":253,"column":72}},"line":253},"19":{"name":"(anonymous_19)","decl":{"start":{"line":259,"column":49},"end":{"line":259,"column":50}},"loc":{"start":{"line":259,"column":55},"end":{"line":262,"column":41}},"line":259}},"branchMap":{"0":{"loc":{"start":{"line":23,"column":12},"end":{"line":30,"column":13}},"type":"if","locations":[{"start":{"line":23,"column":12},"end":{"line":30,"column":13}},{"start":{"line":28,"column":19},"end":{"line":30,"column":13}}],"line":23},"1":{"loc":{"start":{"line":61,"column":31},"end":{"line":61,"column":89}},"type":"binary-expr","locations":[{"start":{"line":61,"column":31},"end":{"line":61,"column":55}},{"start":{"line":61,"column":59},"end":{"line":61,"column":89}}],"line":61},"2":{"loc":{"start":{"line":83,"column":8},"end":{"line":135,"column":9}},"type":"if","locations":[{"start":{"line":83,"column":8},"end":{"line":135,"column":9}},{"start":{"line":85,"column":15},"end":{"line":135,"column":9}}],"line":83},"3":{"loc":{"start":{"line":98,"column":16},"end":{"line":101,"column":17}},"type":"if","locations":[{"start":{"line":98,"column":16},"end":{"line":101,"column":17}},{"start":{},"end":{}}],"line":98},"4":{"loc":{"start":{"line":107,"column":16},"end":{"line":110,"column":17}},"type":"if","locations":[{"start":{"line":107,"column":16},"end":{"line":110,"column":17}},{"start":{},"end":{}}],"line":107},"5":{"loc":{"start":{"line":152,"column":22},"end":{"line":152,"column":66}},"type":"cond-expr","locations":[{"start":{"line":152,"column":46},"end":{"line":152,"column":55}},{"start":{"line":152,"column":58},"end":{"line":152,"column":66}}],"line":152},"6":{"loc":{"start":{"line":153,"column":36},"end":{"line":153,"column":66}},"type":"cond-expr","locations":[{"start":{"line":153,"column":60},"end":{"line":153,"column":62}},{"start":{"line":153,"column":65},"end":{"line":153,"column":66}}],"line":153},"7":{"loc":{"start":{"line":158,"column":21},"end":{"line":158,"column":74}},"type":"cond-expr","locations":[{"start":{"line":158,"column":35},"end":{"line":158,"column":61}},{"start":{"line":158,"column":64},"end":{"line":158,"column":74}}],"line":158},"8":{"loc":{"start":{"line":163,"column":13},"end":{"line":212,"column":13}},"type":"cond-expr","locations":[{"start":{"line":164,"column":16},"end":{"line":191,"column":23}},{"start":{"line":193,"column":16},"end":{"line":210,"column":23}}],"line":163},"9":{"loc":{"start":{"line":220,"column":30},"end":{"line":220,"column":75}},"type":"cond-expr","locations":[{"start":{"line":220,"column":54},"end":{"line":220,"column":63}},{"start":{"line":220,"column":66},"end":{"line":220,"column":75}}],"line":220},"10":{"loc":{"start":{"line":244,"column":37},"end":{"line":248,"column":37}},"type":"cond-expr","locations":[{"start":{"line":245,"column":40},"end":{"line":245,"column":88}},{"start":{"line":247,"column":40},"end":{"line":247,"column":74}}],"line":244}},"s":{"0":13,"1":13,"2":13,"3":13,"4":13,"5":13,"6":13,"7":13,"8":0,"9":0,"10":0,"11":0,"12":0,"13":0,"14":13,"15":0,"16":0,"17":0,"18":13,"19":5,"20":5,"21":5,"22":5,"23":0,"24":0,"25":5,"26":0,"27":5,"28":5,"29":13,"30":0,"31":0,"32":0,"33":0,"34":0,"35":0,"36":13,"37":1,"38":1,"39":1,"40":1,"41":0,"42":0,"43":0,"44":0,"45":0,"46":0,"47":0,"48":0,"49":0,"50":0,"51":0,"52":0,"53":0,"54":0,"55":0,"56":0,"57":0,"58":0,"59":0,"60":0,"61":0,"62":0,"63":0,"64":13,"65":0,"66":0,"67":13,"68":0,"69":0,"70":0,"71":2,"72":1,"73":1,"74":0,"75":0,"76":1},"f":{"0":13,"1":0,"2":0,"3":5,"4":5,"5":0,"6":0,"7":0,"8":5,"9":0,"10":1,"11":0,"12":0,"13":0,"14":0,"15":0,"16":2,"17":1,"18":1,"19":0},"b":{"0":[0,0],"1":[0,0],"2":[1,0],"3":[0,0],"4":[0,0],"5":[13,0],"6":[13,0],"7":[0,13],"8":[0,13],"9":[13,0],"10":[1,12]},"_coverageSchema":"1a1c01bbd47fc00a2c39e90264f33305004495a9","hash":"9e8c6d8fed629d795a2f8689676f8ded19e067f4"}
,"/Users/owenpark/cs_projects/cs184/team09-Shopping/src/screens/LoginScreen.js": {"path":"/Users/owenpark/cs_projects/cs184/team09-Shopping/src/screens/LoginScreen.js","statementMap":{"0":{"start":{"line":8,"column":30},"end":{"line":8,"column":42}},"1":{"start":{"line":9,"column":36},"end":{"line":9,"column":48}},"2":{"start":{"line":10,"column":50},"end":{"line":10,"column":65}},"3":{"start":{"line":12,"column":24},"end":{"line":27,"column":5}},"4":{"start":{"line":13,"column":8},"end":{"line":26,"column":15}},"5":{"start":{"line":15,"column":16},"end":{"line":15,"column":75}},"6":{"start":{"line":16,"column":16},"end":{"line":16,"column":53}},"7":{"start":{"line":19,"column":16},"end":{"line":25,"column":17}},"8":{"start":{"line":20,"column":20},"end":{"line":20,"column":67}},"9":{"start":{"line":21,"column":23},"end":{"line":25,"column":17}},"10":{"start":{"line":22,"column":20},"end":{"line":22,"column":105}},"11":{"start":{"line":24,"column":20},"end":{"line":24,"column":41}},"12":{"start":{"line":29,"column":37},"end":{"line":31,"column":5}},"13":{"start":{"line":30,"column":8},"end":{"line":30,"column":40}},"14":{"start":{"line":33,"column":4},"end":{"line":86,"column":5}},"15":{"start":{"line":52,"column":42},"end":{"line":52,"column":56}},"16":{"start":{"line":59,"column":46},"end":{"line":59,"column":63}},"17":{"start":{"line":64,"column":39},"end":{"line":64,"column":75}},"18":{"start":{"line":89,"column":15},"end":{"line":183,"column":2}}},"fnMap":{"0":{"name":"LoginScreen","decl":{"start":{"line":7,"column":24},"end":{"line":7,"column":35}},"loc":{"start":{"line":7,"column":52},"end":{"line":87,"column":1}},"line":7},"1":{"name":"(anonymous_1)","decl":{"start":{"line":12,"column":24},"end":{"line":12,"column":25}},"loc":{"start":{"line":12,"column":30},"end":{"line":27,"column":5}},"line":12},"2":{"name":"(anonymous_2)","decl":{"start":{"line":14,"column":18},"end":{"line":14,"column":19}},"loc":{"start":{"line":14,"column":37},"end":{"line":17,"column":13}},"line":14},"3":{"name":"(anonymous_3)","decl":{"start":{"line":18,"column":19},"end":{"line":18,"column":20}},"loc":{"start":{"line":18,"column":28},"end":{"line":26,"column":13}},"line":18},"4":{"name":"(anonymous_4)","decl":{"start":{"line":29,"column":37},"end":{"line":29,"column":38}},"loc":{"start":{"line":29,"column":43},"end":{"line":31,"column":5}},"line":29},"5":{"name":"(anonymous_5)","decl":{"start":{"line":52,"column":34},"end":{"line":52,"column":35}},"loc":{"start":{"line":52,"column":42},"end":{"line":52,"column":56}},"line":52},"6":{"name":"(anonymous_6)","decl":{"start":{"line":59,"column":38},"end":{"line":59,"column":39}},"loc":{"start":{"line":59,"column":46},"end":{"line":59,"column":63}},"line":59},"7":{"name":"(anonymous_7)","decl":{"start":{"line":64,"column":33},"end":{"line":64,"column":34}},"loc":{"start":{"line":64,"column":39},"end":{"line":64,"column":75}},"line":64}},"branchMap":{"0":{"loc":{"start":{"line":19,"column":16},"end":{"line":25,"column":17}},"type":"if","locations":[{"start":{"line":19,"column":16},"end":{"line":25,"column":17}},{"start":{"line":21,"column":23},"end":{"line":25,"column":17}}],"line":19},"1":{"loc":{"start":{"line":21,"column":23},"end":{"line":25,"column":17}},"type":"if","locations":[{"start":{"line":21,"column":23},"end":{"line":25,"column":17}},{"start":{"line":23,"column":23},"end":{"line":25,"column":17}}],"line":21},"2":{"loc":{"start":{"line":67,"column":40},"end":{"line":67,"column":75}},"type":"cond-expr","locations":[{"start":{"line":67,"column":58},"end":{"line":67,"column":63}},{"start":{"line":67,"column":66},"end":{"line":67,"column":75}}],"line":67}},"s":{"0":22,"1":22,"2":22,"3":22,"4":6,"5":3,"6":3,"7":3,"8":1,"9":2,"10":1,"11":1,"12":22,"13":1,"14":22,"15":7,"16":7,"17":2,"18":2},"f":{"0":22,"1":6,"2":3,"3":3,"4":1,"5":7,"6":7,"7":2},"b":{"0":[1,2],"1":[1,1],"2":[1,21]},"_coverageSchema":"1a1c01bbd47fc00a2c39e90264f33305004495a9","hash":"eb5be58b07a38238bfb31171533ead63e8740132"}
,"/Users/owenpark/cs_projects/cs184/team09-Shopping/src/screens/ProfileScreen.js": {"path":"/Users/owenpark/cs_projects/cs184/team09-Shopping/src/screens/ProfileScreen.js","statementMap":{"0":{"start":{"line":11,"column":34},"end":{"line":11,"column":48}},"1":{"start":{"line":12,"column":34},"end":{"line":17,"column":4}},"2":{"start":{"line":18,"column":42},"end":{"line":18,"column":54}},"3":{"start":{"line":19,"column":26},"end":{"line":19,"column":38}},"4":{"start":{"line":20,"column":28},"end":{"line":20,"column":40}},"5":{"start":{"line":21,"column":32},"end":{"line":21,"column":44}},"6":{"start":{"line":22,"column":34},"end":{"line":22,"column":46}},"7":{"start":{"line":23,"column":48},"end":{"line":23,"column":60}},"8":{"start":{"line":24,"column":48},"end":{"line":24,"column":63}},"9":{"start":{"line":25,"column":62},"end":{"line":25,"column":77}},"10":{"start":{"line":26,"column":42},"end":{"line":26,"column":56}},"11":{"start":{"line":27,"column":54},"end":{"line":27,"column":69}},"12":{"start":{"line":28,"column":50},"end":{"line":28,"column":62}},"13":{"start":{"line":29,"column":28},"end":{"line":29,"column":42}},"14":{"start":{"line":32,"column":24},"end":{"line":52,"column":3}},"15":{"start":{"line":33,"column":4},"end":{"line":51,"column":5}},"16":{"start":{"line":34,"column":19},"end":{"line":34,"column":35}},"17":{"start":{"line":35,"column":6},"end":{"line":48,"column":7}},"18":{"start":{"line":36,"column":23},"end":{"line":36,"column":49}},"19":{"start":{"line":37,"column":24},"end":{"line":37,"column":44}},"20":{"start":{"line":38,"column":8},"end":{"line":47,"column":9}},"21":{"start":{"line":39,"column":23},"end":{"line":39,"column":37}},"22":{"start":{"line":40,"column":10},"end":{"line":40,"column":28}},"23":{"start":{"line":41,"column":10},"end":{"line":41,"column":35}},"24":{"start":{"line":42,"column":10},"end":{"line":42,"column":37}},"25":{"start":{"line":43,"column":10},"end":{"line":43,"column":41}},"26":{"start":{"line":44,"column":10},"end":{"line":44,"column":50}},"27":{"start":{"line":46,"column":10},"end":{"line":46,"column":59}},"28":{"start":{"line":50,"column":6},"end":{"line":50,"column":55}},"29":{"start":{"line":54,"column":2},"end":{"line":56,"column":9}},"30":{"start":{"line":55,"column":4},"end":{"line":55,"column":20}},"31":{"start":{"line":59,"column":2},"end":{"line":71,"column":4}},"32":{"start":{"line":62,"column":6},"end":{"line":67,"column":9}},"33":{"start":{"line":68,"column":6},"end":{"line":68,"column":22}},"34":{"start":{"line":69,"column":6},"end":{"line":69,"column":29}},"35":{"start":{"line":74,"column":25},"end":{"line":84,"column":3}},"36":{"start":{"line":75,"column":17},"end":{"line":75,"column":33}},"37":{"start":{"line":76,"column":23},"end":{"line":76,"column":80}},"38":{"start":{"line":77,"column":4},"end":{"line":83,"column":5}},"39":{"start":{"line":78,"column":6},"end":{"line":78,"column":59}},"40":{"start":{"line":79,"column":6},"end":{"line":79,"column":18}},"41":{"start":{"line":81,"column":6},"end":{"line":81,"column":106}},"42":{"start":{"line":82,"column":6},"end":{"line":82,"column":19}},"43":{"start":{"line":87,"column":25},"end":{"line":99,"column":3}},"44":{"start":{"line":88,"column":17},"end":{"line":88,"column":33}},"45":{"start":{"line":89,"column":4},"end":{"line":98,"column":5}},"46":{"start":{"line":90,"column":21},"end":{"line":90,"column":47}},"47":{"start":{"line":91,"column":6},"end":{"line":97,"column":74}},"48":{"start":{"line":93,"column":10},"end":{"line":93,"column":107}},"49":{"start":{"line":94,"column":10},"end":{"line":94,"column":63}},"50":{"start":{"line":94,"column":33},"end":{"line":94,"column":60}},"51":{"start":{"line":95,"column":10},"end":{"line":95,"column":26}},"52":{"start":{"line":97,"column":24},"end":{"line":97,"column":72}},"53":{"start":{"line":102,"column":29},"end":{"line":131,"column":3}},"54":{"start":{"line":103,"column":4},"end":{"line":106,"column":5}},"55":{"start":{"line":104,"column":6},"end":{"line":104,"column":60}},"56":{"start":{"line":105,"column":6},"end":{"line":105,"column":13}},"57":{"start":{"line":108,"column":17},"end":{"line":108,"column":33}},"58":{"start":{"line":109,"column":30},"end":{"line":109,"column":67}},"59":{"start":{"line":110,"column":4},"end":{"line":130,"column":5}},"60":{"start":{"line":111,"column":6},"end":{"line":129,"column":11}},"61":{"start":{"line":113,"column":10},"end":{"line":113,"column":66}},"62":{"start":{"line":114,"column":10},"end":{"line":114,"column":26}},"63":{"start":{"line":115,"column":10},"end":{"line":115,"column":33}},"64":{"start":{"line":116,"column":10},"end":{"line":116,"column":64}},"65":{"start":{"line":116,"column":33},"end":{"line":116,"column":61}},"66":{"start":{"line":119,"column":25},"end":{"line":119,"column":51}},"67":{"start":{"line":120,"column":10},"end":{"line":125,"column":11}},"68":{"start":{"line":121,"column":12},"end":{"line":121,"column":87}},"69":{"start":{"line":122,"column":12},"end":{"line":122,"column":73}},"70":{"start":{"line":124,"column":12},"end":{"line":124,"column":75}},"71":{"start":{"line":128,"column":10},"end":{"line":128,"column":46}},"72":{"start":{"line":133,"column":28},"end":{"line":144,"column":3}},"73":{"start":{"line":135,"column":20},"end":{"line":135,"column":50}},"74":{"start":{"line":138,"column":18},"end":{"line":138,"column":64}},"75":{"start":{"line":139,"column":4},"end":{"line":141,"column":5}},"76":{"start":{"line":140,"column":8},"end":{"line":140,"column":95}},"77":{"start":{"line":143,"column":4},"end":{"line":143,"column":16}},"78":{"start":{"line":146,"column":24},"end":{"line":166,"column":3}},"79":{"start":{"line":147,"column":4},"end":{"line":165,"column":6}},"80":{"start":{"line":155,"column":12},"end":{"line":160,"column":67}},"81":{"start":{"line":157,"column":16},"end":{"line":157,"column":70}},"82":{"start":{"line":158,"column":16},"end":{"line":158,"column":70}},"83":{"start":{"line":160,"column":30},"end":{"line":160,"column":65}},"84":{"start":{"line":168,"column":30},"end":{"line":170,"column":3}},"85":{"start":{"line":169,"column":4},"end":{"line":169,"column":32}},"86":{"start":{"line":172,"column":31},"end":{"line":205,"column":3}},"87":{"start":{"line":173,"column":17},"end":{"line":173,"column":26}},"88":{"start":{"line":174,"column":15},"end":{"line":174,"column":29}},"89":{"start":{"line":175,"column":17},"end":{"line":175,"column":33}},"90":{"start":{"line":176,"column":4},"end":{"line":204,"column":5}},"91":{"start":{"line":177,"column":6},"end":{"line":201,"column":7}},"92":{"start":{"line":179,"column":30},"end":{"line":179,"column":58}},"93":{"start":{"line":180,"column":32},"end":{"line":180,"column":98}},"94":{"start":{"line":181,"column":30},"end":{"line":181,"column":60}},"95":{"start":{"line":183,"column":35},"end":{"line":187,"column":9}},"96":{"start":{"line":184,"column":10},"end":{"line":186,"column":12}},"97":{"start":{"line":188,"column":8},"end":{"line":188,"column":46}},"98":{"start":{"line":191,"column":27},"end":{"line":191,"column":53}},"99":{"start":{"line":192,"column":8},"end":{"line":192,"column":36}},"100":{"start":{"line":194,"column":8},"end":{"line":194,"column":31}},"101":{"start":{"line":196,"column":8},"end":{"line":196,"column":86}},"102":{"start":{"line":197,"column":8},"end":{"line":197,"column":37}},"103":{"start":{"line":198,"column":8},"end":{"line":198,"column":32}},"104":{"start":{"line":200,"column":8},"end":{"line":200,"column":99}},"105":{"start":{"line":203,"column":6},"end":{"line":203,"column":63}},"106":{"start":{"line":207,"column":24},"end":{"line":215,"column":3}},"107":{"start":{"line":208,"column":4},"end":{"line":213,"column":7}},"108":{"start":{"line":214,"column":4},"end":{"line":214,"column":59}},"109":{"start":{"line":214,"column":27},"end":{"line":214,"column":56}},"110":{"start":{"line":217,"column":21},"end":{"line":224,"column":3}},"111":{"start":{"line":218,"column":4},"end":{"line":218,"column":31}},"112":{"start":{"line":219,"column":4},"end":{"line":219,"column":33}},"113":{"start":{"line":220,"column":4},"end":{"line":220,"column":37}},"114":{"start":{"line":221,"column":4},"end":{"line":221,"column":20}},"115":{"start":{"line":222,"column":4},"end":{"line":222,"column":27}},"116":{"start":{"line":223,"column":4},"end":{"line":223,"column":60}},"117":{"start":{"line":223,"column":27},"end":{"line":223,"column":57}},"118":{"start":{"line":226,"column":22},"end":{"line":260,"column":3}},"119":{"start":{"line":227,"column":4},"end":{"line":259,"column":11}},"120":{"start":{"line":235,"column":14},"end":{"line":239,"column":15}},"121":{"start":{"line":236,"column":16},"end":{"line":236,"column":50}},"122":{"start":{"line":238,"column":16},"end":{"line":238,"column":31}},"123":{"start":{"line":243,"column":45},"end":{"line":243,"column":69}},"124":{"start":{"line":246,"column":45},"end":{"line":246,"column":65}},"125":{"start":{"line":254,"column":43},"end":{"line":254,"column":66}},"126":{"start":{"line":262,"column":19},"end":{"line":273,"column":3}},"127":{"start":{"line":263,"column":17},"end":{"line":268,"column":6}},"128":{"start":{"line":269,"column":4},"end":{"line":269,"column":40}},"129":{"start":{"line":270,"column":4},"end":{"line":272,"column":5}},"130":{"start":{"line":271,"column":6},"end":{"line":271,"column":37}},"131":{"start":{"line":275,"column":2},"end":{"line":395,"column":4}},"132":{"start":{"line":322,"column":49},"end":{"line":322,"column":99}},"133":{"start":{"line":334,"column":49},"end":{"line":334,"column":85}},"134":{"start":{"line":342,"column":49},"end":{"line":342,"column":71}},"135":{"start":{"line":348,"column":45},"end":{"line":348,"column":70}},"136":{"start":{"line":386,"column":83},"end":{"line":386,"column":111}},"137":{"start":{"line":398,"column":15},"end":{"line":625,"column":2}}},"fnMap":{"0":{"name":"ProfileScreen","decl":{"start":{"line":10,"column":24},"end":{"line":10,"column":37}},"loc":{"start":{"line":10,"column":40},"end":{"line":396,"column":1}},"line":10},"1":{"name":"(anonymous_1)","decl":{"start":{"line":32,"column":24},"end":{"line":32,"column":25}},"loc":{"start":{"line":32,"column":36},"end":{"line":52,"column":3}},"line":32},"2":{"name":"(anonymous_2)","decl":{"start":{"line":54,"column":12},"end":{"line":54,"column":13}},"loc":{"start":{"line":54,"column":18},"end":{"line":56,"column":3}},"line":54},"3":{"name":"(anonymous_3)","decl":{"start":{"line":60,"column":16},"end":{"line":60,"column":17}},"loc":{"start":{"line":60,"column":22},"end":{"line":70,"column":5}},"line":60},"4":{"name":"(anonymous_4)","decl":{"start":{"line":74,"column":25},"end":{"line":74,"column":26}},"loc":{"start":{"line":74,"column":52},"end":{"line":84,"column":3}},"line":74},"5":{"name":"(anonymous_5)","decl":{"start":{"line":87,"column":25},"end":{"line":87,"column":26}},"loc":{"start":{"line":87,"column":36},"end":{"line":99,"column":3}},"line":87},"6":{"name":"(anonymous_6)","decl":{"start":{"line":92,"column":14},"end":{"line":92,"column":15}},"loc":{"start":{"line":92,"column":20},"end":{"line":96,"column":9}},"line":92},"7":{"name":"(anonymous_7)","decl":{"start":{"line":94,"column":22},"end":{"line":94,"column":23}},"loc":{"start":{"line":94,"column":33},"end":{"line":94,"column":60}},"line":94},"8":{"name":"(anonymous_8)","decl":{"start":{"line":97,"column":15},"end":{"line":97,"column":16}},"loc":{"start":{"line":97,"column":24},"end":{"line":97,"column":72}},"line":97},"9":{"name":"(anonymous_9)","decl":{"start":{"line":102,"column":29},"end":{"line":102,"column":30}},"loc":{"start":{"line":102,"column":41},"end":{"line":131,"column":3}},"line":102},"10":{"name":"(anonymous_10)","decl":{"start":{"line":112,"column":14},"end":{"line":112,"column":15}},"loc":{"start":{"line":112,"column":26},"end":{"line":126,"column":9}},"line":112},"11":{"name":"(anonymous_11)","decl":{"start":{"line":116,"column":22},"end":{"line":116,"column":23}},"loc":{"start":{"line":116,"column":33},"end":{"line":116,"column":61}},"line":116},"12":{"name":"(anonymous_12)","decl":{"start":{"line":127,"column":15},"end":{"line":127,"column":16}},"loc":{"start":{"line":127,"column":24},"end":{"line":129,"column":9}},"line":127},"13":{"name":"(anonymous_13)","decl":{"start":{"line":133,"column":28},"end":{"line":133,"column":29}},"loc":{"start":{"line":133,"column":38},"end":{"line":144,"column":3}},"line":133},"14":{"name":"(anonymous_14)","decl":{"start":{"line":146,"column":24},"end":{"line":146,"column":25}},"loc":{"start":{"line":146,"column":30},"end":{"line":166,"column":3}},"line":146},"15":{"name":"(anonymous_15)","decl":{"start":{"line":154,"column":19},"end":{"line":154,"column":20}},"loc":{"start":{"line":154,"column":25},"end":{"line":161,"column":11}},"line":154},"16":{"name":"(anonymous_16)","decl":{"start":{"line":156,"column":20},"end":{"line":156,"column":21}},"loc":{"start":{"line":156,"column":26},"end":{"line":159,"column":15}},"line":156},"17":{"name":"(anonymous_17)","decl":{"start":{"line":160,"column":21},"end":{"line":160,"column":22}},"loc":{"start":{"line":160,"column":30},"end":{"line":160,"column":65}},"line":160},"18":{"name":"(anonymous_18)","decl":{"start":{"line":168,"column":30},"end":{"line":168,"column":31}},"loc":{"start":{"line":168,"column":36},"end":{"line":170,"column":3}},"line":168},"19":{"name":"(anonymous_19)","decl":{"start":{"line":172,"column":31},"end":{"line":172,"column":32}},"loc":{"start":{"line":172,"column":43},"end":{"line":205,"column":3}},"line":172},"20":{"name":"(anonymous_20)","decl":{"start":{"line":183,"column":58},"end":{"line":183,"column":59}},"loc":{"start":{"line":184,"column":10},"end":{"line":186,"column":12}},"line":184},"21":{"name":"(anonymous_21)","decl":{"start":{"line":207,"column":24},"end":{"line":207,"column":25}},"loc":{"start":{"line":207,"column":38},"end":{"line":215,"column":3}},"line":207},"22":{"name":"(anonymous_22)","decl":{"start":{"line":214,"column":16},"end":{"line":214,"column":17}},"loc":{"start":{"line":214,"column":27},"end":{"line":214,"column":56}},"line":214},"23":{"name":"(anonymous_23)","decl":{"start":{"line":217,"column":21},"end":{"line":217,"column":22}},"loc":{"start":{"line":217,"column":35},"end":{"line":224,"column":3}},"line":217},"24":{"name":"(anonymous_24)","decl":{"start":{"line":223,"column":16},"end":{"line":223,"column":17}},"loc":{"start":{"line":223,"column":27},"end":{"line":223,"column":57}},"line":223},"25":{"name":"(anonymous_25)","decl":{"start":{"line":226,"column":22},"end":{"line":226,"column":23}},"loc":{"start":{"line":227,"column":4},"end":{"line":259,"column":11}},"line":227},"26":{"name":"(anonymous_26)","decl":{"start":{"line":234,"column":26},"end":{"line":234,"column":27}},"loc":{"start":{"line":234,"column":36},"end":{"line":240,"column":13}},"line":234},"27":{"name":"(anonymous_27)","decl":{"start":{"line":243,"column":39},"end":{"line":243,"column":40}},"loc":{"start":{"line":243,"column":45},"end":{"line":243,"column":69}},"line":243},"28":{"name":"(anonymous_28)","decl":{"start":{"line":246,"column":39},"end":{"line":246,"column":40}},"loc":{"start":{"line":246,"column":45},"end":{"line":246,"column":65}},"line":246},"29":{"name":"(anonymous_29)","decl":{"start":{"line":254,"column":37},"end":{"line":254,"column":38}},"loc":{"start":{"line":254,"column":43},"end":{"line":254,"column":66}},"line":254},"30":{"name":"(anonymous_30)","decl":{"start":{"line":262,"column":19},"end":{"line":262,"column":20}},"loc":{"start":{"line":262,"column":31},"end":{"line":273,"column":3}},"line":262},"31":{"name":"(anonymous_31)","decl":{"start":{"line":322,"column":43},"end":{"line":322,"column":44}},"loc":{"start":{"line":322,"column":49},"end":{"line":322,"column":99}},"line":322},"32":{"name":"(anonymous_32)","decl":{"start":{"line":334,"column":43},"end":{"line":334,"column":44}},"loc":{"start":{"line":334,"column":49},"end":{"line":334,"column":85}},"line":334},"33":{"name":"(anonymous_33)","decl":{"start":{"line":342,"column":43},"end":{"line":342,"column":44}},"loc":{"start":{"line":342,"column":49},"end":{"line":342,"column":71}},"line":342},"34":{"name":"(anonymous_34)","decl":{"start":{"line":348,"column":39},"end":{"line":348,"column":40}},"loc":{"start":{"line":348,"column":45},"end":{"line":348,"column":70}},"line":348},"35":{"name":"(anonymous_35)","decl":{"start":{"line":386,"column":77},"end":{"line":386,"column":78}},"loc":{"start":{"line":386,"column":83},"end":{"line":386,"column":111}},"line":386}},"branchMap":{"0":{"loc":{"start":{"line":35,"column":6},"end":{"line":48,"column":7}},"type":"if","locations":[{"start":{"line":35,"column":6},"end":{"line":48,"column":7}},{"start":{},"end":{}}],"line":35},"1":{"loc":{"start":{"line":38,"column":8},"end":{"line":47,"column":9}},"type":"if","locations":[{"start":{"line":38,"column":8},"end":{"line":47,"column":9}},{"start":{"line":45,"column":15},"end":{"line":47,"column":9}}],"line":38},"2":{"loc":{"start":{"line":41,"column":18},"end":{"line":41,"column":33}},"type":"binary-expr","locations":[{"start":{"line":41,"column":18},"end":{"line":41,"column":27}},{"start":{"line":41,"column":31},"end":{"line":41,"column":33}}],"line":41},"3":{"loc":{"start":{"line":42,"column":19},"end":{"line":42,"column":35}},"type":"binary-expr","locations":[{"start":{"line":42,"column":19},"end":{"line":42,"column":29}},{"start":{"line":42,"column":33},"end":{"line":42,"column":35}}],"line":42},"4":{"loc":{"start":{"line":43,"column":21},"end":{"line":43,"column":39}},"type":"binary-expr","locations":[{"start":{"line":43,"column":21},"end":{"line":43,"column":33}},{"start":{"line":43,"column":37},"end":{"line":43,"column":39}}],"line":43},"5":{"loc":{"start":{"line":89,"column":4},"end":{"line":98,"column":5}},"type":"if","locations":[{"start":{"line":89,"column":4},"end":{"line":98,"column":5}},{"start":{},"end":{}}],"line":89},"6":{"loc":{"start":{"line":91,"column":32},"end":{"line":91,"column":93}},"type":"cond-expr","locations":[{"start":{"line":91,"column":51},"end":{"line":91,"column":55}},{"start":{"line":91,"column":58},"end":{"line":91,"column":93}}],"line":91},"7":{"loc":{"start":{"line":91,"column":58},"end":{"line":91,"column":93}},"type":"cond-expr","locations":[{"start":{"line":91,"column":78},"end":{"line":91,"column":83}},{"start":{"line":91,"column":86},"end":{"line":91,"column":93}}],"line":91},"8":{"loc":{"start":{"line":103,"column":4},"end":{"line":106,"column":5}},"type":"if","locations":[{"start":{"line":103,"column":4},"end":{"line":106,"column":5}},{"start":{},"end":{}}],"line":103},"9":{"loc":{"start":{"line":110,"column":4},"end":{"line":130,"column":5}},"type":"if","locations":[{"start":{"line":110,"column":4},"end":{"line":130,"column":5}},{"start":{},"end":{}}],"line":110},"10":{"loc":{"start":{"line":139,"column":4},"end":{"line":141,"column":5}},"type":"if","locations":[{"start":{"line":139,"column":4},"end":{"line":141,"column":5}},{"start":{},"end":{}}],"line":139},"11":{"loc":{"start":{"line":140,"column":29},"end":{"line":140,"column":59}},"type":"cond-expr","locations":[{"start":{"line":140,"column":40},"end":{"line":140,"column":54}},{"start":{"line":140,"column":57},"end":{"line":140,"column":59}}],"line":140},"12":{"loc":{"start":{"line":140,"column":62},"end":{"line":140,"column":92}},"type":"cond-expr","locations":[{"start":{"line":140,"column":73},"end":{"line":140,"column":87}},{"start":{"line":140,"column":90},"end":{"line":140,"column":92}}],"line":140},"13":{"loc":{"start":{"line":176,"column":4},"end":{"line":204,"column":5}},"type":"if","locations":[{"start":{"line":176,"column":4},"end":{"line":204,"column":5}},{"start":{"line":202,"column":11},"end":{"line":204,"column":5}}],"line":176},"14":{"loc":{"start":{"line":228,"column":7},"end":{"line":258,"column":7}},"type":"cond-expr","locations":[{"start":{"line":229,"column":8},"end":{"line":250,"column":11}},{"start":{"line":252,"column":8},"end":{"line":257,"column":15}}],"line":228},"15":{"loc":{"start":{"line":235,"column":14},"end":{"line":239,"column":15}},"type":"if","locations":[{"start":{"line":235,"column":14},"end":{"line":239,"column":15}},{"start":{"line":237,"column":21},"end":{"line":239,"column":15}}],"line":235},"16":{"loc":{"start":{"line":253,"column":46},"end":{"line":253,"column":86}},"type":"binary-expr","locations":[{"start":{"line":253,"column":46},"end":{"line":253,"column":51}},{"start":{"line":253,"column":55},"end":{"line":253,"column":86}}],"line":253},"17":{"loc":{"start":{"line":270,"column":4},"end":{"line":272,"column":5}},"type":"if","locations":[{"start":{"line":270,"column":4},"end":{"line":272,"column":5}},{"start":{},"end":{}}],"line":270},"18":{"loc":{"start":{"line":278,"column":16},"end":{"line":278,"column":60}},"type":"cond-expr","locations":[{"start":{"line":278,"column":40},"end":{"line":278,"column":49}},{"start":{"line":278,"column":52},"end":{"line":278,"column":60}}],"line":278},"19":{"loc":{"start":{"line":287,"column":13},"end":{"line":287,"column":91}},"type":"binary-expr","locations":[{"start":{"line":287,"column":13},"end":{"line":287,"column":18}},{"start":{"line":287,"column":22},"end":{"line":287,"column":91}}],"line":287},"20":{"loc":{"start":{"line":290,"column":54},"end":{"line":290,"column":79}},"type":"cond-expr","locations":[{"start":{"line":290,"column":62},"end":{"line":290,"column":68}},{"start":{"line":290,"column":71},"end":{"line":290,"column":79}}],"line":290},"21":{"loc":{"start":{"line":304,"column":48},"end":{"line":304,"column":79}},"type":"binary-expr","locations":[{"start":{"line":304,"column":48},"end":{"line":304,"column":63}},{"start":{"line":304,"column":67},"end":{"line":304,"column":79}}],"line":304},"22":{"loc":{"start":{"line":312,"column":11},"end":{"line":351,"column":11}},"type":"cond-expr","locations":[{"start":{"line":313,"column":12},"end":{"line":346,"column":19}},{"start":{"line":348,"column":12},"end":{"line":350,"column":31}}],"line":312},"23":{"loc":{"start":{"line":323,"column":34},"end":{"line":323,"column":76}},"type":"cond-expr","locations":[{"start":{"line":323,"column":59},"end":{"line":323,"column":64}},{"start":{"line":323,"column":67},"end":{"line":323,"column":76}}],"line":323},"24":{"loc":{"start":{"line":335,"column":34},"end":{"line":335,"column":69}},"type":"cond-expr","locations":[{"start":{"line":335,"column":52},"end":{"line":335,"column":57}},{"start":{"line":335,"column":60},"end":{"line":335,"column":69}}],"line":335},"25":{"loc":{"start":{"line":353,"column":11},"end":{"line":359,"column":11}},"type":"binary-expr","locations":[{"start":{"line":353,"column":11},"end":{"line":353,"column":23}},{"start":{"line":354,"column":12},"end":{"line":358,"column":19}}],"line":353}},"s":{"0":0,"1":0,"2":0,"3":0,"4":0,"5":0,"6":0,"7":0,"8":0,"9":0,"10":0,"11":0,"12":0,"13":0,"14":0,"15":0,"16":0,"17":0,"18":0,"19":0,"20":0,"21":0,"22":0,"23":0,"24":0,"25":0,"26":0,"27":0,"28":0,"29":0,"30":0,"31":0,"32":0,"33":0,"34":0,"35":0,"36":0,"37":0,"38":0,"39":0,"40":0,"41":0,"42":0,"43":0,"44":0,"45":0,"46":0,"47":0,"48":0,"49":0,"50":0,"51":0,"52":0,"53":0,"54":0,"55":0,"56":0,"57":0,"58":0,"59":0,"60":0,"61":0,"62":0,"63":0,"64":0,"65":0,"66":0,"67":0,"68":0,"69":0,"70":0,"71":0,"72":0,"73":0,"74":0,"75":0,"76":0,"77":0,"78":0,"79":0,"80":0,"81":0,"82":0,"83":0,"84":0,"85":0,"86":0,"87":0,"88":0,"89":0,"90":0,"91":0,"92":0,"93":0,"94":0,"95":0,"96":0,"97":0,"98":0,"99":0,"100":0,"101":0,"102":0,"103":0,"104":0,"105":0,"106":0,"107":0,"108":0,"109":0,"110":0,"111":0,"112":0,"113":0,"114":0,"115":0,"116":0,"117":0,"118":0,"119":0,"120":0,"121":0,"122":0,"123":0,"124":0,"125":0,"126":0,"127":0,"128":0,"129":0,"130":0,"131":0,"132":0,"133":0,"134":0,"135":0,"136":0,"137":1},"f":{"0":0,"1":0,"2":0,"3":0,"4":0,"5":0,"6":0,"7":0,"8":0,"9":0,"10":0,"11":0,"12":0,"13":0,"14":0,"15":0,"16":0,"17":0,"18":0,"19":0,"20":0,"21":0,"22":0,"23":0,"24":0,"25":0,"26":0,"27":0,"28":0,"29":0,"30":0,"31":0,"32":0,"33":0,"34":0,"35":0},"b":{"0":[0,0],"1":[0,0],"2":[0,0],"3":[0,0],"4":[0,0],"5":[0,0],"6":[0,0],"7":[0,0],"8":[0,0],"9":[0,0],"10":[0,0],"11":[0,0],"12":[0,0],"13":[0,0],"14":[0,0],"15":[0,0],"16":[0,0],"17":[0,0],"18":[0,0],"19":[0,0],"20":[0,0],"21":[0,0],"22":[0,0],"23":[0,0],"24":[0,0],"25":[0,0]},"_coverageSchema":"1a1c01bbd47fc00a2c39e90264f33305004495a9","hash":"6451149f2076f4f48759d3f0b2a0b5d2a3a6a12c"}
}
