TN:
SF:firebaseConfig.js
FNF:0
FNH:0
DA:6,1
DA:17,1
DA:18,1
DA:20,0
DA:24,1
DA:28,1
LF:6
LH:5
BRDA:17,0,0,1
BRDA:17,0,1,0
BRF:2
BRH:1
end_of_record
TN:
SF:assets/cart.png
FNF:0
FNH:0
DA:1,2
LF:1
LH:1
BRF:0
BRH:0
end_of_record
TN:
SF:src/screens/CreateHouseholdScreen.js
FN:11,CreateHouseholdScreen
FN:20,(anonymous_1)
FN:37,(anonymous_2)
FN:46,(anonymous_3)
FN:54,(anonymous_4)
FN:56,(anonymous_5)
FN:61,(anonymous_6)
FN:64,(anonymous_7)
FN:68,(anonymous_8)
FN:71,(anonymous_9)
FN:80,(anonymous_10)
FN:138,(anonymous_11)
FN:141,(anonymous_12)
FN:172,(anonymous_13)
FN:177,(anonymous_14)
FN:184,(anonymous_15)
FN:196,(anonymous_16)
FN:203,(anonymous_17)
FN:253,(anonymous_18)
FN:259,(anonymous_19)
FNF:20
FNH:8
FNDA:13,CreateHouseholdScreen
FNDA:0,(anonymous_1)
FNDA:0,(anonymous_2)
FNDA:5,(anonymous_3)
FNDA:5,(anonymous_4)
FNDA:0,(anonymous_5)
FNDA:0,(anonymous_6)
FNDA:0,(anonymous_7)
FNDA:5,(anonymous_8)
FNDA:0,(anonymous_9)
FNDA:1,(anonymous_10)
FNDA:0,(anonymous_11)
FNDA:0,(anonymous_12)
FNDA:0,(anonymous_13)
FNDA:0,(anonymous_14)
FNDA:0,(anonymous_15)
FNDA:2,(anonymous_16)
FNDA:1,(anonymous_17)
FNDA:1,(anonymous_18)
FNDA:0,(anonymous_19)
DA:12,13
DA:13,13
DA:14,13
DA:15,13
DA:16,13
DA:17,13
DA:18,13
DA:20,13
DA:21,0
DA:22,0
DA:23,0
DA:24,0
DA:29,0
DA:32,0
DA:36,13
DA:38,0
DA:39,0
DA:40,0
DA:46,13
DA:47,5
DA:49,5
DA:54,5
DA:55,5
DA:56,0
DA:61,0
DA:63,5
DA:65,0
DA:68,5
DA:71,13
DA:72,0
DA:73,0
DA:74,0
DA:75,0
DA:77,0
DA:80,13
DA:81,1
DA:82,1
DA:83,1
DA:84,1
DA:86,0
DA:87,0
DA:88,0
DA:91,0
DA:93,0
DA:94,0
DA:98,0
DA:99,0
DA:100,0
DA:104,0
DA:105,0
DA:107,0
DA:108,0
DA:109,0
DA:113,0
DA:120,0
DA:125,0
DA:126,0
DA:128,0
DA:129,0
DA:130,0
DA:131,0
DA:133,0
DA:138,13
DA:139,0
DA:141,0
DA:149,13
DA:172,0
DA:177,0
DA:184,0
DA:196,2
DA:203,1
DA:253,1
DA:260,0
DA:261,0
DA:277,1
LF:75
LH:28
BRDA:23,0,0,0
BRDA:23,0,1,0
BRDA:61,1,0,0
BRDA:61,1,1,0
BRDA:83,2,0,1
BRDA:83,2,1,0
BRDA:98,3,0,0
BRDA:98,3,1,0
BRDA:107,4,0,0
BRDA:107,4,1,0
BRDA:152,5,0,13
BRDA:152,5,1,0
BRDA:153,6,0,13
BRDA:153,6,1,0
BRDA:158,7,0,0
BRDA:158,7,1,13
BRDA:163,8,0,0
BRDA:163,8,1,13
BRDA:220,9,0,13
BRDA:220,9,1,0
BRDA:244,10,0,1
BRDA:244,10,1,12
BRF:22
BRH:8
end_of_record
TN:
SF:src/screens/LoginScreen.js
FN:7,LoginScreen
FN:12,(anonymous_1)
FN:14,(anonymous_2)
FN:18,(anonymous_3)
FN:29,(anonymous_4)
FN:52,(anonymous_5)
FN:59,(anonymous_6)
FN:64,(anonymous_7)
FNF:8
FNH:8
FNDA:22,LoginScreen
FNDA:6,(anonymous_1)
FNDA:3,(anonymous_2)
FNDA:3,(anonymous_3)
FNDA:1,(anonymous_4)
FNDA:7,(anonymous_5)
FNDA:7,(anonymous_6)
FNDA:2,(anonymous_7)
DA:8,22
DA:9,22
DA:10,22
DA:12,22
DA:13,6
DA:15,3
DA:16,3
DA:19,3
DA:20,1
DA:21,2
DA:22,1
DA:24,1
DA:29,22
DA:30,1
DA:33,22
DA:52,7
DA:59,7
DA:64,2
DA:89,2
LF:19
LH:19
BRDA:19,0,0,1
BRDA:19,0,1,2
BRDA:21,1,0,1
BRDA:21,1,1,1
BRDA:67,2,0,1
BRDA:67,2,1,21
BRF:6
BRH:6
end_of_record
TN:
SF:src/screens/ProfileScreen.js
FN:10,ProfileScreen
FN:32,(anonymous_1)
FN:54,(anonymous_2)
FN:60,(anonymous_3)
FN:74,(anonymous_4)
FN:87,(anonymous_5)
FN:92,(anonymous_6)
FN:94,(anonymous_7)
FN:97,(anonymous_8)
FN:102,(anonymous_9)
FN:112,(anonymous_10)
FN:116,(anonymous_11)
FN:127,(anonymous_12)
FN:133,(anonymous_13)
FN:146,(anonymous_14)
FN:154,(anonymous_15)
FN:156,(anonymous_16)
FN:160,(anonymous_17)
FN:168,(anonymous_18)
FN:172,(anonymous_19)
FN:183,(anonymous_20)
FN:207,(anonymous_21)
FN:214,(anonymous_22)
FN:217,(anonymous_23)
FN:223,(anonymous_24)
FN:226,(anonymous_25)
FN:234,(anonymous_26)
FN:243,(anonymous_27)
FN:246,(anonymous_28)
FN:254,(anonymous_29)
FN:262,(anonymous_30)
FN:322,(anonymous_31)
FN:334,(anonymous_32)
FN:342,(anonymous_33)
FN:348,(anonymous_34)
FN:386,(anonymous_35)
FNF:36
FNH:0
FNDA:0,ProfileScreen
FNDA:0,(anonymous_1)
FNDA:0,(anonymous_2)
FNDA:0,(anonymous_3)
FNDA:0,(anonymous_4)
FNDA:0,(anonymous_5)
FNDA:0,(anonymous_6)
FNDA:0,(anonymous_7)
FNDA:0,(anonymous_8)
FNDA:0,(anonymous_9)
FNDA:0,(anonymous_10)
FNDA:0,(anonymous_11)
FNDA:0,(anonymous_12)
FNDA:0,(anonymous_13)
FNDA:0,(anonymous_14)
FNDA:0,(anonymous_15)
FNDA:0,(anonymous_16)
FNDA:0,(anonymous_17)
FNDA:0,(anonymous_18)
FNDA:0,(anonymous_19)
FNDA:0,(anonymous_20)
FNDA:0,(anonymous_21)
FNDA:0,(anonymous_22)
FNDA:0,(anonymous_23)
FNDA:0,(anonymous_24)
FNDA:0,(anonymous_25)
FNDA:0,(anonymous_26)
FNDA:0,(anonymous_27)
FNDA:0,(anonymous_28)
FNDA:0,(anonymous_29)
FNDA:0,(anonymous_30)
FNDA:0,(anonymous_31)
FNDA:0,(anonymous_32)
FNDA:0,(anonymous_33)
FNDA:0,(anonymous_34)
FNDA:0,(anonymous_35)
DA:11,0
DA:12,0
DA:18,0
DA:19,0
DA:20,0
DA:21,0
DA:22,0
DA:23,0
DA:24,0
DA:25,0
DA:26,0
DA:27,0
DA:28,0
DA:29,0
DA:32,0
DA:33,0
DA:34,0
DA:35,0
DA:36,0
DA:37,0
DA:38,0
DA:39,0
DA:40,0
DA:41,0
DA:42,0
DA:43,0
DA:44,0
DA:46,0
DA:50,0
DA:54,0
DA:55,0
DA:59,0
DA:62,0
DA:68,0
DA:69,0
DA:74,0
DA:75,0
DA:76,0
DA:77,0
DA:78,0
DA:79,0
DA:81,0
DA:82,0
DA:87,0
DA:88,0
DA:89,0
DA:90,0
DA:91,0
DA:93,0
DA:94,0
DA:95,0
DA:97,0
DA:102,0
DA:103,0
DA:104,0
DA:105,0
DA:108,0
DA:109,0
DA:110,0
DA:111,0
DA:113,0
DA:114,0
DA:115,0
DA:116,0
DA:119,0
DA:120,0
DA:121,0
DA:122,0
DA:124,0
DA:128,0
DA:133,0
DA:135,0
DA:138,0
DA:139,0
DA:140,0
DA:143,0
DA:146,0
DA:147,0
DA:155,0
DA:157,0
DA:158,0
DA:160,0
DA:168,0
DA:169,0
DA:172,0
DA:173,0
DA:174,0
DA:175,0
DA:176,0
DA:177,0
DA:179,0
DA:180,0
DA:181,0
DA:183,0
DA:184,0
DA:188,0
DA:191,0
DA:192,0
DA:194,0
DA:196,0
DA:197,0
DA:198,0
DA:200,0
DA:203,0
DA:207,0
DA:208,0
DA:214,0
DA:217,0
DA:218,0
DA:219,0
DA:220,0
DA:221,0
DA:222,0
DA:223,0
DA:226,0
DA:227,0
DA:235,0
DA:236,0
DA:238,0
DA:243,0
DA:246,0
DA:254,0
DA:262,0
DA:263,0
DA:269,0
DA:270,0
DA:271,0
DA:275,0
DA:322,0
DA:334,0
DA:342,0
DA:348,0
DA:386,0
DA:398,1
LF:134
LH:1
BRDA:35,0,0,0
BRDA:35,0,1,0
BRDA:38,1,0,0
BRDA:38,1,1,0
BRDA:41,2,0,0
BRDA:41,2,1,0
BRDA:42,3,0,0
BRDA:42,3,1,0
BRDA:43,4,0,0
BRDA:43,4,1,0
BRDA:89,5,0,0
BRDA:89,5,1,0
BRDA:91,6,0,0
BRDA:91,6,1,0
BRDA:91,7,0,0
BRDA:91,7,1,0
BRDA:103,8,0,0
BRDA:103,8,1,0
BRDA:110,9,0,0
BRDA:110,9,1,0
BRDA:139,10,0,0
BRDA:139,10,1,0
BRDA:140,11,0,0
BRDA:140,11,1,0
BRDA:140,12,0,0
BRDA:140,12,1,0
BRDA:176,13,0,0
BRDA:176,13,1,0
BRDA:228,14,0,0
BRDA:228,14,1,0
BRDA:235,15,0,0
BRDA:235,15,1,0
BRDA:253,16,0,0
BRDA:253,16,1,0
BRDA:270,17,0,0
BRDA:270,17,1,0
BRDA:278,18,0,0
BRDA:278,18,1,0
BRDA:287,19,0,0
BRDA:287,19,1,0
BRDA:290,20,0,0
BRDA:290,20,1,0
BRDA:304,21,0,0
BRDA:304,21,1,0
BRDA:312,22,0,0
BRDA:312,22,1,0
BRDA:323,23,0,0
BRDA:323,23,1,0
BRDA:335,24,0,0
BRDA:335,24,1,0
BRDA:353,25,0,0
BRDA:353,25,1,0
BRF:52
BRH:0
end_of_record
